c:\users\jade\documents\visual studio 2013\projects\assignment8\assignment8\debug\vc120.pdb
c:\users\jade\documents\visual studio 2013\projects\assignment8\assignment8\debug\vc120.idb
c:\users\jade\documents\visual studio 2013\projects\assignment8\assignment8\debug\functions.obj
c:\users\jade\documents\visual studio 2013\projects\assignment8\assignment8\debug\player.obj
c:\users\jade\documents\visual studio 2013\projects\assignment8\assignment8\debug\maze.obj
c:\users\jade\documents\visual studio 2013\projects\assignment8\assignment8\debug\main.obj
c:\users\jade\documents\fundamentals\assignment8\assignment8\debug\vc120.pdb
c:\users\jade\documents\fundamentals\assignment8\assignment8\debug\vc120.idb
c:\users\jade\documents\fundamentals\assignment8\assignment8\debug\functions.obj
c:\users\jade\documents\fundamentals\assignment8\assignment8\debug\main.obj
c:\users\jade\documents\fundamentals\assignment8\assignment8\debug\player.obj
c:\users\jade\documents\fundamentals\assignment8\assignment8\debug\maze.obj
c:\users\jade\documents\visual studio 2013\projects\assignment8\debug\assignment8.ilk
c:\users\jade\documents\visual studio 2013\projects\assignment8\debug\assignment8.exe
c:\users\jade\documents\visual studio 2013\projects\assignment8\debug\assignment8.pdb
c:\users\jade\documents\fundamentals\assignment8\debug\assignment8.ilk
c:\users\jade\documents\fundamentals\assignment8\debug\assignment8.exe
c:\users\jade\documents\fundamentals\assignment8\debug\assignment8.pdb
c:\users\jade\documents\fundamentals\assignment8\assignment8\debug\assignment8.tlog\cl.command.1.tlog
c:\users\jade\documents\fundamentals\assignment8\assignment8\debug\assignment8.tlog\cl.read.1.tlog
c:\users\jade\documents\fundamentals\assignment8\assignment8\debug\assignment8.tlog\cl.write.1.tlog
c:\users\jade\documents\fundamentals\assignment8\assignment8\debug\assignment8.tlog\link.command.1.tlog
c:\users\jade\documents\fundamentals\assignment8\assignment8\debug\assignment8.tlog\link.read.1.tlog
c:\users\jade\documents\fundamentals\assignment8\assignment8\debug\assignment8.tlog\link.write.1.tlog
